#! /c/Source/iverilog-install/bin/vvp
:ivl_version "12.0 (devel)" "(s20150603-1110-g18392a46)";
:ivl_delay_selection "TYPICAL";
:vpi_time_precision - 12;
:vpi_module "C:\iverilog\lib\ivl\system.vpi";
:vpi_module "C:\iverilog\lib\ivl\vhdl_sys.vpi";
:vpi_module "C:\iverilog\lib\ivl\vhdl_textio.vpi";
:vpi_module "C:\iverilog\lib\ivl\v2005_math.vpi";
:vpi_module "C:\iverilog\lib\ivl\va_math.vpi";
:vpi_module "C:\iverilog\lib\ivl\v2009.vpi";
S_0000023060a87310 .scope package, "$unit" "$unit" 2 1;
 .timescale 0 0;
S_0000023060a87630 .scope module, "half_adder_tb" "half_adder_tb" 3 3;
 .timescale -9 -12;
v0000023060a966c0_0 .var "A", 0 0;
v0000023060a96760_0 .var "B", 0 0;
v0000023060a96800_0 .net "Carry", 0 0, L_0000023060bdbd90;  1 drivers
v0000023060a968a0_0 .net "Sum", 0 0, L_0000023060bd68c0;  1 drivers
S_0000023060a87a50 .scope module, "uut" "half_adder" 3 11, 4 6 0, S_0000023060a87630;
 .timescale -9 -12;
    .port_info 0 /INPUT 1 "A";
    .port_info 1 /INPUT 1 "B";
    .port_info 2 /OUTPUT 1 "Sum";
    .port_info 3 /OUTPUT 1 "Carry";
L_0000023060bd68c0 .functor XOR 1, v0000023060a966c0_0, v0000023060a96760_0, C4<0>, C4<0>;
L_0000023060bdbd90 .functor AND 1, v0000023060a966c0_0, v0000023060a96760_0, C4<1>, C4<1>;
v0000023060a87be0_0 .net "A", 0 0, v0000023060a966c0_0;  1 drivers
v0000023060bd6df0_0 .net "B", 0 0, v0000023060a96760_0;  1 drivers
v0000023060bd6820_0 .net "Carry", 0 0, L_0000023060bdbd90;  alias, 1 drivers
v0000023060bdbcf0_0 .net "Sum", 0 0, L_0000023060bd68c0;  alias, 1 drivers
    .scope S_0000023060a87630;
T_0 ;
    %vpi_call/w 3 23 "$dumpfile", "waveform.vcd" {0 0 0};
    %vpi_call/w 3 24 "$dumpvars", 32'sb00000000000000000000000000000000, S_0000023060a87630 {0 0 0};
    %vpi_call/w 3 26 "$display", " A B | Sum Carry" {0 0 0};
    %pushi/vec4 0, 0, 1;
    %store/vec4 v0000023060a966c0_0, 0, 1;
    %pushi/vec4 0, 0, 1;
    %store/vec4 v0000023060a96760_0, 0, 1;
    %delay 10000, 0;
    %vpi_call/w 3 29 "$display", " %b %b |  %b    %b", v0000023060a966c0_0, v0000023060a96760_0, v0000023060a968a0_0, v0000023060a96800_0 {0 0 0};
    %pushi/vec4 0, 0, 1;
    %store/vec4 v0000023060a966c0_0, 0, 1;
    %pushi/vec4 1, 0, 1;
    %store/vec4 v0000023060a96760_0, 0, 1;
    %delay 10000, 0;
    %vpi_call/w 3 32 "$display", " %b %b |  %b    %b", v0000023060a966c0_0, v0000023060a96760_0, v0000023060a968a0_0, v0000023060a96800_0 {0 0 0};
    %pushi/vec4 1, 0, 1;
    %store/vec4 v0000023060a966c0_0, 0, 1;
    %pushi/vec4 0, 0, 1;
    %store/vec4 v0000023060a96760_0, 0, 1;
    %delay 10000, 0;
    %vpi_call/w 3 35 "$display", " %b %b |  %b    %b", v0000023060a966c0_0, v0000023060a96760_0, v0000023060a968a0_0, v0000023060a96800_0 {0 0 0};
    %pushi/vec4 1, 0, 1;
    %store/vec4 v0000023060a966c0_0, 0, 1;
    %pushi/vec4 1, 0, 1;
    %store/vec4 v0000023060a96760_0, 0, 1;
    %delay 10000, 0;
    %vpi_call/w 3 38 "$display", " %b %b |  %b    %b", v0000023060a966c0_0, v0000023060a96760_0, v0000023060a968a0_0, v0000023060a96800_0 {0 0 0};
    %delay 10000, 0;
    %vpi_call/w 3 41 "$finish" {0 0 0};
    %end;
    .thread T_0;
# The file index is used to find the file name in the following table.
:file_names 5;
    "N/A";
    "<interactive>";
    "-";
    "half_adder_tb.v";
    "./half_adder.v";
